Arguments: 
  /usr/local/bin/node /usr/local/bin/yarn install bulma

PATH: 
  /Users/lauwrentiusmargetan/Library/Android/sdk/platform-tools:/usr/local/bin:/usr/local/sbin:/usr/local/php5/bin:/usr/local/bin:/usr/bin:/bin:/usr/sbin:/sbin:/opt/X11/bin:/usr/local/munki

Yarn version: 
  1.5.1

Node version: 
  8.9.4

Platform: 
  darwin x64

npm manifest: 
  {
    "name": "lauwrentius.github.io",
    "version": "1.0.0",
    "description": "",
    "main": "index.js",
    "dependencies": {
      "browser-sync": "^2.24.2",
      "gulp": "^3.9.1",
      "gulp-sass": "^4.0.1",
      "gulp-rename": "^1.2.2",
      "gulp-minify-css": "^1.2.4",
      "gulp-watch": "^5.0.0"
    },
    "devDependencies": {},
    "scripts": {
      "test": "echo \"Error: no test specified\" && exit 1"
    },
    "repository": {
      "type": "git",
      "url": "git+https://github.com/lauwrentius/lauwrentius.github.io.git"
    },
    "author": "",
    "license": "ISC",
    "bugs": {
      "url": "https://github.com/lauwrentius/lauwrentius.github.io/issues"
    },
    "homepage": "https://github.com/lauwrentius/lauwrentius.github.io#readme"
  }

yarn manifest: 
  No manifest

Lockfile: 
  No lockfile

Trace: 
  Error: `install` has been replaced with `add` to add new dependencies. Run "yarn add bulma" instead.
      at new MessageError (/usr/local/lib/node_modules/yarn/lib/cli.js:186:110)
      at Object.<anonymous> (/usr/local/lib/node_modules/yarn/lib/cli.js:21987:13)
      at Generator.next (<anonymous>)
      at step (/usr/local/lib/node_modules/yarn/lib/cli.js:98:30)
      at /usr/local/lib/node_modules/yarn/lib/cli.js:109:13
      at <anonymous>
